<?xml version="1.0" encoding="utf-8"?>
<coverage line-rate="0.909" branch-rate="1" version="1.9" timestamp="1716366174" lines-covered="30" lines-valid="33" branches-covered="14" branches-valid="14">
  <sources>
    <source>F:\ME\Study\Software Engineering\.NET\07_UnitTesting\UnitTesting\UnitTesting02.Projects\</source>
  </sources>
  <packages>
    <package name="UnitTesting02.Projects" line-rate="0.909" branch-rate="1" complexity="21">
      <classes>
        <class name="UnitTesting02.Projects.InvalidIssueDescriptionException" filename="Exceptions\InvalidIssueDescriptionException.cs" line-rate="1" branch-rate="1" complexity="1">
          <methods>
            <method name=".ctor" signature="()" line-rate="1" branch-rate="1" complexity="1">
              <lines>
                <line number="11" hits="2" branch="False" />
                <line number="12" hits="2" branch="False" />
                <line number="13" hits="2" branch="False" />
              </lines>
            </method>
          </methods>
          <lines>
            <line number="11" hits="2" branch="False" />
            <line number="12" hits="2" branch="False" />
            <line number="13" hits="2" branch="False" />
          </lines>
        </class>
        <class name="UnitTesting02.Projects.Issue" filename="Issue.cs" line-rate="0.9" branch-rate="1" complexity="20">
          <methods>
            <method name="get_Key" signature="()" line-rate="1" branch-rate="1" complexity="1">
              <lines>
                <line number="7" hits="13" branch="False" />
              </lines>
            </method>
            <method name="get_Description" signature="()" line-rate="1" branch-rate="1" complexity="1">
              <lines>
                <line number="8" hits="13" branch="False" />
              </lines>
            </method>
            <method name="get_CreatedAt" signature="()" line-rate="1" branch-rate="1" complexity="1">
              <lines>
                <line number="9" hits="39" branch="False" />
              </lines>
            </method>
            <method name="get_Priority" signature="()" line-rate="1" branch-rate="1" complexity="1">
              <lines>
                <line number="10" hits="56" branch="False" />
              </lines>
            </method>
            <method name="get_Category" signature="()" line-rate="1" branch-rate="1" complexity="1">
              <lines>
                <line number="11" hits="44" branch="False" />
              </lines>
            </method>
            <method name="GenerateKey" signature="()" line-rate="1" branch-rate="1" complexity="10">
              <lines>
                <line number="34" hits="25" branch="False" />
                <line number="35" hits="25" branch="True" condition-coverage="100% (4/4)">
                  <conditions>
                    <condition number="7" type="jump" coverage="100%" />
                    <condition number="16" type="jump" coverage="100%" />
                  </conditions>
                </line>
                <line number="36" hits="25" branch="False" />
                <line number="38" hits="25" branch="True" condition-coverage="100% (6/6)">
                  <conditions>
                    <condition number="44" type="jump" coverage="100%" />
                    <condition number="53" type="jump" coverage="100%" />
                    <condition number="62" type="jump" coverage="100%" />
                  </conditions>
                </line>
                <line number="39" hits="25" branch="False" />
                <line number="40" hits="25" branch="False" />
                <line number="41" hits="25" branch="False" />
                <line number="43" hits="25" branch="False" />
                <line number="45" hits="25" branch="False" />
                <line number="47" hits="25" branch="False" />
                <line number="48" hits="25" branch="False" />
              </lines>
            </method>
            <method name="ToString" signature="()" line-rate="0" branch-rate="1" complexity="1">
              <lines>
                <line number="51" hits="0" branch="False" />
                <line number="52" hits="0" branch="False" />
                <line number="53" hits="0" branch="False" />
              </lines>
            </method>
            <method name=".ctor" signature="(System.String,UnitTesting02.Projects.Priority,UnitTesting02.Projects.Category,System.Nullable`1&lt;System.DateTime&gt;)" line-rate="1" branch-rate="1" complexity="4">
              <lines>
                <line number="14" hits="15" branch="False" />
                <line number="15" hits="15" branch="False" />
                <line number="16" hits="15" branch="False" />
                <line number="18" hits="15" branch="True" condition-coverage="100% (2/2)">
                  <conditions>
                    <condition number="16" type="jump" coverage="100%" />
                  </conditions>
                </line>
                <line number="19" hits="2" branch="False" />
                <line number="21" hits="13" branch="False" />
                <line number="23" hits="13" branch="False" />
                <line number="25" hits="13" branch="False" />
                <line number="27" hits="13" branch="True" condition-coverage="100% (2/2)">
                  <conditions>
                    <condition number="56" type="jump" coverage="100%" />
                  </conditions>
                </line>
                <line number="29" hits="13" branch="False" />
                <line number="31" hits="13" branch="False" />
              </lines>
            </method>
          </methods>
          <lines>
            <line number="7" hits="13" branch="False" />
            <line number="8" hits="13" branch="False" />
            <line number="9" hits="39" branch="False" />
            <line number="10" hits="56" branch="False" />
            <line number="11" hits="44" branch="False" />
            <line number="34" hits="25" branch="False" />
            <line number="35" hits="25" branch="True" condition-coverage="100% (4/4)">
              <conditions>
                <condition number="7" type="jump" coverage="100%" />
                <condition number="16" type="jump" coverage="100%" />
              </conditions>
            </line>
            <line number="36" hits="25" branch="False" />
            <line number="38" hits="25" branch="True" condition-coverage="100% (6/6)">
              <conditions>
                <condition number="44" type="jump" coverage="100%" />
                <condition number="53" type="jump" coverage="100%" />
                <condition number="62" type="jump" coverage="100%" />
              </conditions>
            </line>
            <line number="39" hits="25" branch="False" />
            <line number="40" hits="25" branch="False" />
            <line number="41" hits="25" branch="False" />
            <line number="43" hits="25" branch="False" />
            <line number="45" hits="25" branch="False" />
            <line number="47" hits="25" branch="False" />
            <line number="48" hits="25" branch="False" />
            <line number="51" hits="0" branch="False" />
            <line number="52" hits="0" branch="False" />
            <line number="53" hits="0" branch="False" />
            <line number="14" hits="15" branch="False" />
            <line number="15" hits="15" branch="False" />
            <line number="16" hits="15" branch="False" />
            <line number="18" hits="15" branch="True" condition-coverage="100% (2/2)">
              <conditions>
                <condition number="16" type="jump" coverage="100%" />
              </conditions>
            </line>
            <line number="19" hits="2" branch="False" />
            <line number="21" hits="13" branch="False" />
            <line number="23" hits="13" branch="False" />
            <line number="25" hits="13" branch="False" />
            <line number="27" hits="13" branch="True" condition-coverage="100% (2/2)">
              <conditions>
                <condition number="56" type="jump" coverage="100%" />
              </conditions>
            </line>
            <line number="29" hits="13" branch="False" />
            <line number="31" hits="13" branch="False" />
          </lines>
        </class>
      </classes>
    </package>
  </packages>
</coverage>